<?xml version="1.0" encoding="UTF-8"?>
<testsuite xmlns:xsi="http://www.w3.org/2001/XMLSchema-instance" xsi:noNamespaceSchemaLocation="https://maven.apache.org/surefire/maven-surefire-plugin/xsd/surefire-test-report.xsd" name="tests.SetupTest" time="80.191" tests="7" errors="1" skipped="0" failures="0">
  <properties>
[...]
</properties>
  <testcase name="testCreateAnAccount" classname="tests.SetupTest" time="17.575"/>
  <testcase name="testOpeningBrowserAndLoadingPage" classname="tests.SetupTest" time="6.433"/>
  <testcase name="testLogin" classname="tests.SetupTest" time="9.743"/>
  <testcase name="testShoppingCart" classname="tests.SetupTest" time="17.283">
    <error message="java.lang.reflect.InvocationTargetException&#10;Build info: version: &apos;3.141.59&apos;, revision: &apos;e82be7d358&apos;, time: &apos;2018-11-14T08:17:03&apos;&#10;System info: host: &apos;DESKTOP-5ETF5PP&apos;, ip: &apos;10.0.0.101&apos;, os.name: &apos;Windows 10&apos;, os.arch: &apos;amd64&apos;, os.version: &apos;10.0&apos;, java.version: &apos;16.0.2&apos;&#10;Driver info: driver.version: RemoteWebDriver" type="org.openqa.selenium.json.JsonException">org.openqa.selenium.json.JsonException: 
java.lang.reflect.InvocationTargetException
Build info: version: '3.141.59', revision: 'e82be7d358', time: '2018-11-14T08:17:03'
System info: host: 'DESKTOP-5ETF5PP', ip: '10.0.0.101', os.name: 'Windows 10', os.arch: 'amd64', os.version: '10.0', java.version: '16.0.2'
Driver info: driver.version: RemoteWebDriver
	at tests.SetupTest.testCreateAnAccount(SetupTest.java:142)
	at tests.SetupTest.testShoppingCart(SetupTest.java:183)
Caused by: java.lang.reflect.InvocationTargetException
	at tests.SetupTest.testCreateAnAccount(SetupTest.java:142)
	at tests.SetupTest.testShoppingCart(SetupTest.java:183)
Caused by: org.openqa.selenium.NoSuchElementException: 
no such element: Unable to locate element: {"method":"css selector","selector":".clearfix .radio-inline"}
  (Session info: chrome=94.0.4606.81)
For documentation on this error, please visit: https://www.seleniumhq.org/exceptions/no_such_element.html
Build info: version: '3.141.59', revision: 'e82be7d358', time: '2018-11-14T08:17:03'
System info: host: 'DESKTOP-5ETF5PP', ip: '10.0.0.101', os.name: 'Windows 10', os.arch: 'amd64', os.version: '10.0', java.version: '16.0.2'
Driver info: org.openqa.selenium.remote.RemoteWebDriver
Capabilities {acceptInsecureCerts: false, browserName: chrome, browserVersion: 94.0.4606.81, chrome: {chromedriverVersion: 94.0.4606.61 (418b78f5838ed..., userDataDir: C:\Users\ASSUNO~1\AppData\L...}, goog:chromeOptions: {debuggerAddress: localhost:64711}, javascriptEnabled: true, networkConnectionEnabled: false, pageLoadStrategy: normal, platform: WINDOWS, platformName: WINDOWS, proxy: Proxy(), setWindowRect: true, strictFileInteractability: false, timeouts: {implicit: 0, pageLoad: 300000, script: 30000}, unhandledPromptBehavior: dismiss and notify, webauthn:extension:credBlob: true, webauthn:extension:largeBlob: true, webauthn:virtualAuthenticators: true, webdriver.remote.sessionid: 1e071b6263de7410019aef8a7ee...}
Session ID: 1e071b6263de7410019aef8a7eef238f
*** Element info: {Using=css selector, value=.clearfix .radio-inline}
	at tests.SetupTest.testCreateAnAccount(SetupTest.java:142)
	at tests.SetupTest.testShoppingCart(SetupTest.java:183)
</error>
    <system-out><![CDATA[Clicou em Sign In e redirecionou para a página de login
Preencheu o campo Email Adress
Clicou no botão Create an Account
]]></system-out>
    <system-err><![CDATA[out. 20, 2021 11:46:00 PM org.openqa.selenium.remote.ProtocolHandshake createSession
INFO: Detected dialect: W3C
]]></system-err>
  </testcase>
  <testcase name="testAddProductToProductPage" classname="tests.SetupTest" time="12.85"/>
  <testcase name="testAccessCategoryTSshirts" classname="tests.SetupTest" time="7.429"/>
  <testcase name="testSearch" classname="tests.SetupTest" time="8.612"/>
</testsuite>