<?xml version="1.0" encoding="UTF-8"?>
<testsuite xmlns:xsi="http://www.w3.org/2001/XMLSchema-instance" xsi:noNamespaceSchemaLocation="https://maven.apache.org/surefire/maven-surefire-plugin/xsd/surefire-test-report.xsd" name="tests.SetupTest" time="54.45" tests="5" errors="0" skipped="0" failures="0">
  <properties>
[...]
</properties>
  <testcase name="testOpeningBrowserAndLoadingPage" classname="tests.SetupTest" time="12.243"/>
  <testcase name="testLogin" classname="tests.SetupTest" time="9.829"/>
  <testcase name="testAddProductToProductPage" classname="tests.SetupTest" time="10.34"/>
  <testcase name="testAccessCategoryTSshirts" classname="tests.SetupTest" time="11.271"/>
  <testcase name="testSearch" classname="tests.SetupTest" time="10.51"/>
</testsuite>